<?xml version="1.0" encoding="UTF-8"?>
<testng-results ignored="2" total="3" passed="1" failed="0" skipped="0">
  <reporter-output>
  </reporter-output>
  <suite started-at="2025-07-08T12:54:01 IST" name="Default suite" finished-at="2025-07-08T12:54:01 IST" duration-ms="85">
    <groups>
    </groups>
    <test started-at="2025-07-08T12:54:01 IST" name="Default test" finished-at="2025-07-08T12:54:01 IST" duration-ms="85">
      <class name="pac1.ContactTest">
        <test-method signature="createContactTest()[pri:0, instance:pac1.ContactTest@72035809]" started-at="2025-07-08T12:54:01 IST" name="createContactTest" finished-at="2025-07-08T12:54:01 IST" duration-ms="15" status="PASS">
          <reporter-output>
          </reporter-output>
        </test-method> <!-- createContactTest -->
      </class> <!-- pac1.ContactTest -->
    </test> <!-- Default test -->
  </suite> <!-- Default suite -->
</testng-results>
