<?xml version="1.0" encoding="UTF-8"?>
<!-- Generated by org.testng.reporters.JUnitXMLReporter -->
<testsuite ignored="2" hostname="DESKTOP-P8A2U13" failures="0" tests="1" name="Default test" time="0.085" errors="0" timestamp="2025-07-08T12:54:01 IST">
  <testcase classname="pac1.ContactTest" name="createContactTest" time="0.015"/>
  <testcase classname="pac1.ContactTest" name="modifyContactTest" time="0.0">
    <ignored/>
  </testcase> <!-- modifyContactTest -->
  <testcase classname="pac1.ContactTest" name="deleteContactTest" time="0.0">
    <ignored/>
  </testcase> <!-- deleteContactTest -->
</testsuite> <!-- Default test -->
